2024-01-05 14:59:51.893 [ INFO] [kground-preinit] o.h.v.i.u.Version                        : HV000001: Hibernate Validator 8.0.1.Final
2024-01-05 14:59:51.958 [ INFO] [  restartedMain] c.y.c.ChatApplication                    : Starting ChatApplication using Java 21.0.1 with PID 19052 (C:\Users\shiny\spring_webapp\chat\target\classes started by shiny in C:\Users\shiny\spring_webapp\chat)
2024-01-05 14:59:51.963 [ INFO] [  restartedMain] c.y.c.ChatApplication                    : No active profile set, falling back to 1 default profile: "default"
2024-01-05 14:59:53.617 [ INFO] [  restartedMain] .s.d.r.c.RepositoryConfigurationDelegate : Multiple Spring Data modules found, entering strict repository configuration mode
2024-01-05 14:59:53.619 [ INFO] [  restartedMain] .s.d.r.c.RepositoryConfigurationDelegate : Bootstrapping Spring Data JPA repositories in DEFAULT mode.
2024-01-05 14:59:53.769 [ INFO] [  restartedMain] .s.d.r.c.RepositoryConfigurationDelegate : Finished Spring Data repository scanning in 142 ms. Found 3 JPA repository interfaces.
2024-01-05 14:59:53.782 [ INFO] [  restartedMain] .s.d.r.c.RepositoryConfigurationDelegate : Multiple Spring Data modules found, entering strict repository configuration mode
2024-01-05 14:59:53.783 [ INFO] [  restartedMain] .s.d.r.c.RepositoryConfigurationDelegate : Bootstrapping Spring Data Redis repositories in DEFAULT mode.
2024-01-05 14:59:53.796 [ INFO] [  restartedMain] .RepositoryConfigurationExtensionSupport : Spring Data Redis - Could not safely identify store assignment for repository candidate interface com.yubin.chat.chatroom.ChatRoomRepository; If you want this repository to be a Redis repository, consider annotating your entities with one of these annotations: org.springframework.data.redis.core.RedisHash (preferred), or consider extending one of the following types with your repository: org.springframework.data.keyvalue.repository.KeyValueRepository
2024-01-05 14:59:53.797 [ INFO] [  restartedMain] .RepositoryConfigurationExtensionSupport : Spring Data Redis - Could not safely identify store assignment for repository candidate interface com.yubin.chat.message.MessageRepository; If you want this repository to be a Redis repository, consider annotating your entities with one of these annotations: org.springframework.data.redis.core.RedisHash (preferred), or consider extending one of the following types with your repository: org.springframework.data.keyvalue.repository.KeyValueRepository
2024-01-05 14:59:53.797 [ INFO] [  restartedMain] .RepositoryConfigurationExtensionSupport : Spring Data Redis - Could not safely identify store assignment for repository candidate interface com.yubin.chat.user.UserRepository; If you want this repository to be a Redis repository, consider annotating your entities with one of these annotations: org.springframework.data.redis.core.RedisHash (preferred), or consider extending one of the following types with your repository: org.springframework.data.keyvalue.repository.KeyValueRepository
2024-01-05 14:59:53.797 [ INFO] [  restartedMain] .s.d.r.c.RepositoryConfigurationDelegate : Finished Spring Data repository scanning in 5 ms. Found 0 Redis repository interfaces.
2024-01-05 14:59:54.691 [ INFO] [  restartedMain] o.a.c.h.Http11NioProtocol                : Initializing ProtocolHandler ["http-nio-8080"]
2024-01-05 14:59:54.693 [ INFO] [  restartedMain] o.a.c.c.StandardService                  : Starting service [Tomcat]
2024-01-05 14:59:54.693 [ INFO] [  restartedMain] o.a.c.c.StandardEngine                   : Starting Servlet engine: [Apache Tomcat/10.1.16]
2024-01-05 14:59:54.739 [ INFO] [  restartedMain] o.a.c.c.C.[.[.[/]                        : Initializing Spring embedded WebApplicationContext
2024-01-05 14:59:55.089 [ INFO] [  restartedMain] o.h.j.i.u.LogHelper                      : HHH000204: Processing PersistenceUnitInfo [name: default]
2024-01-05 14:59:55.141 [ INFO] [  restartedMain] o.h.Version                              : HHH000412: Hibernate ORM core version 6.3.1.Final
2024-01-05 14:59:55.171 [ INFO] [  restartedMain] o.h.c.i.RegionFactoryInitiator           : HHH000026: Second-level cache disabled
2024-01-05 14:59:55.359 [ INFO] [  restartedMain] o.s.o.j.p.SpringPersistenceUnitInfo      : No LoadTimeWeaver setup: ignoring JPA class transformer
2024-01-05 14:59:55.379 [ INFO] [  restartedMain] c.z.h.HikariDataSource                   : HikariPool-1 - Starting...
2024-01-05 14:59:55.842 [ INFO] [  restartedMain] c.z.h.p.HikariPool                       : HikariPool-1 - Added connection com.mysql.cj.jdbc.ConnectionImpl@4cf6fe31
2024-01-05 14:59:55.843 [ INFO] [  restartedMain] c.z.h.HikariDataSource                   : HikariPool-1 - Start completed.
2024-01-05 14:59:55.918 [ WARN] [  restartedMain] o.h.o.deprecation                        : HHH90000025: MySQLDialect does not need to be specified explicitly using 'hibernate.dialect' (remove the property setting and it will be selected by default)
2024-01-05 14:59:56.297 [ WARN] [  restartedMain] o.h.m.RootClass                          : HHH000038: Composite-id class does not override equals(): com.yubin.chat.chatroommember.ChatRoomMemberId
2024-01-05 14:59:56.297 [ WARN] [  restartedMain] o.h.m.RootClass                          : HHH000039: Composite-id class does not override hashCode(): com.yubin.chat.chatroommember.ChatRoomMemberId
2024-01-05 14:59:56.893 [ INFO] [  restartedMain] o.h.e.t.j.p.i.JtaPlatformInitiator       : HHH000489: No JTA platform available (set 'hibernate.transaction.jta.platform' to enable JTA platform integration)
2024-01-05 14:59:57.004 [ INFO] [  restartedMain] j.LocalContainerEntityManagerFactoryBean : Initialized JPA EntityManagerFactory for persistence unit 'default'
2024-01-05 14:59:57.261 [ INFO] [  restartedMain] j.LocalContainerEntityManagerFactoryBean : Closing JPA EntityManagerFactory for persistence unit 'default'
2024-01-05 14:59:57.263 [ INFO] [  restartedMain] c.z.h.HikariDataSource                   : HikariPool-1 - Shutdown initiated...
2024-01-05 14:59:57.278 [ INFO] [  restartedMain] c.z.h.HikariDataSource                   : HikariPool-1 - Shutdown completed.
2024-01-05 14:59:57.281 [ INFO] [  restartedMain] o.a.c.c.StandardService                  : Stopping service [Tomcat]
2024-01-05 15:11:46.195 [ INFO] [kground-preinit] o.h.v.i.u.Version                        : HV000001: Hibernate Validator 8.0.1.Final
2024-01-05 15:11:46.246 [ INFO] [  restartedMain] c.y.c.ChatApplication                    : Starting ChatApplication using Java 21.0.1 with PID 16192 (C:\Users\shiny\spring_webapp\chat\target\classes started by shiny in C:\Users\shiny\spring_webapp\chat)
2024-01-05 15:11:46.249 [ INFO] [  restartedMain] c.y.c.ChatApplication                    : No active profile set, falling back to 1 default profile: "default"
2024-01-05 15:11:47.612 [ INFO] [  restartedMain] .s.d.r.c.RepositoryConfigurationDelegate : Multiple Spring Data modules found, entering strict repository configuration mode
2024-01-05 15:11:47.613 [ INFO] [  restartedMain] .s.d.r.c.RepositoryConfigurationDelegate : Bootstrapping Spring Data JPA repositories in DEFAULT mode.
2024-01-05 15:11:47.759 [ INFO] [  restartedMain] .s.d.r.c.RepositoryConfigurationDelegate : Finished Spring Data repository scanning in 139 ms. Found 3 JPA repository interfaces.
2024-01-05 15:11:47.775 [ INFO] [  restartedMain] .s.d.r.c.RepositoryConfigurationDelegate : Multiple Spring Data modules found, entering strict repository configuration mode
2024-01-05 15:11:47.776 [ INFO] [  restartedMain] .s.d.r.c.RepositoryConfigurationDelegate : Bootstrapping Spring Data Redis repositories in DEFAULT mode.
2024-01-05 15:11:47.790 [ INFO] [  restartedMain] .RepositoryConfigurationExtensionSupport : Spring Data Redis - Could not safely identify store assignment for repository candidate interface com.yubin.chat.chatroom.ChatRoomRepository; If you want this repository to be a Redis repository, consider annotating your entities with one of these annotations: org.springframework.data.redis.core.RedisHash (preferred), or consider extending one of the following types with your repository: org.springframework.data.keyvalue.repository.KeyValueRepository
2024-01-05 15:11:47.791 [ INFO] [  restartedMain] .RepositoryConfigurationExtensionSupport : Spring Data Redis - Could not safely identify store assignment for repository candidate interface com.yubin.chat.message.MessageRepository; If you want this repository to be a Redis repository, consider annotating your entities with one of these annotations: org.springframework.data.redis.core.RedisHash (preferred), or consider extending one of the following types with your repository: org.springframework.data.keyvalue.repository.KeyValueRepository
2024-01-05 15:11:47.791 [ INFO] [  restartedMain] .RepositoryConfigurationExtensionSupport : Spring Data Redis - Could not safely identify store assignment for repository candidate interface com.yubin.chat.user.UserRepository; If you want this repository to be a Redis repository, consider annotating your entities with one of these annotations: org.springframework.data.redis.core.RedisHash (preferred), or consider extending one of the following types with your repository: org.springframework.data.keyvalue.repository.KeyValueRepository
2024-01-05 15:11:47.792 [ INFO] [  restartedMain] .s.d.r.c.RepositoryConfigurationDelegate : Finished Spring Data repository scanning in 6 ms. Found 0 Redis repository interfaces.
2024-01-05 15:11:48.821 [ INFO] [  restartedMain] o.a.c.h.Http11NioProtocol                : Initializing ProtocolHandler ["http-nio-8080"]
2024-01-05 15:11:48.823 [ INFO] [  restartedMain] o.a.c.c.StandardService                  : Starting service [Tomcat]
2024-01-05 15:11:48.823 [ INFO] [  restartedMain] o.a.c.c.StandardEngine                   : Starting Servlet engine: [Apache Tomcat/10.1.16]
2024-01-05 15:11:48.875 [ INFO] [  restartedMain] o.a.c.c.C.[.[.[/]                        : Initializing Spring embedded WebApplicationContext
2024-01-05 15:11:49.257 [ INFO] [  restartedMain] o.h.j.i.u.LogHelper                      : HHH000204: Processing PersistenceUnitInfo [name: default]
2024-01-05 15:11:49.310 [ INFO] [  restartedMain] o.h.Version                              : HHH000412: Hibernate ORM core version 6.3.1.Final
2024-01-05 15:11:49.344 [ INFO] [  restartedMain] o.h.c.i.RegionFactoryInitiator           : HHH000026: Second-level cache disabled
2024-01-05 15:11:49.550 [ INFO] [  restartedMain] o.s.o.j.p.SpringPersistenceUnitInfo      : No LoadTimeWeaver setup: ignoring JPA class transformer
2024-01-05 15:11:49.574 [ INFO] [  restartedMain] c.z.h.HikariDataSource                   : HikariPool-1 - Starting...
2024-01-05 15:11:49.902 [ INFO] [  restartedMain] c.z.h.p.HikariPool                       : HikariPool-1 - Added connection com.mysql.cj.jdbc.ConnectionImpl@493f6155
2024-01-05 15:11:49.904 [ INFO] [  restartedMain] c.z.h.HikariDataSource                   : HikariPool-1 - Start completed.
2024-01-05 15:11:49.964 [ WARN] [  restartedMain] o.h.o.deprecation                        : HHH90000025: MySQLDialect does not need to be specified explicitly using 'hibernate.dialect' (remove the property setting and it will be selected by default)
2024-01-05 15:11:50.369 [ WARN] [  restartedMain] o.h.m.RootClass                          : HHH000038: Composite-id class does not override equals(): com.yubin.chat.chatroommember.ChatRoomMemberId
2024-01-05 15:11:50.369 [ WARN] [  restartedMain] o.h.m.RootClass                          : HHH000039: Composite-id class does not override hashCode(): com.yubin.chat.chatroommember.ChatRoomMemberId
2024-01-05 15:11:51.051 [ INFO] [  restartedMain] o.h.e.t.j.p.i.JtaPlatformInitiator       : HHH000489: No JTA platform available (set 'hibernate.transaction.jta.platform' to enable JTA platform integration)
2024-01-05 15:11:51.161 [ INFO] [  restartedMain] j.LocalContainerEntityManagerFactoryBean : Initialized JPA EntityManagerFactory for persistence unit 'default'
2024-01-05 15:11:51.455 [ INFO] [  restartedMain] j.LocalContainerEntityManagerFactoryBean : Closing JPA EntityManagerFactory for persistence unit 'default'
2024-01-05 15:11:51.459 [ INFO] [  restartedMain] c.z.h.HikariDataSource                   : HikariPool-1 - Shutdown initiated...
2024-01-05 15:11:51.477 [ INFO] [  restartedMain] c.z.h.HikariDataSource                   : HikariPool-1 - Shutdown completed.
2024-01-05 15:11:51.480 [ INFO] [  restartedMain] o.a.c.c.StandardService                  : Stopping service [Tomcat]
2024-01-05 15:13:09.974 [ INFO] [kground-preinit] o.h.v.i.u.Version                        : HV000001: Hibernate Validator 8.0.1.Final
2024-01-05 15:13:10.008 [ INFO] [  restartedMain] c.y.c.ChatApplication                    : Starting ChatApplication using Java 21.0.1 with PID 9024 (C:\Users\shiny\spring_webapp\chat\target\classes started by shiny in C:\Users\shiny\spring_webapp\chat)
2024-01-05 15:13:10.010 [ INFO] [  restartedMain] c.y.c.ChatApplication                    : No active profile set, falling back to 1 default profile: "default"
2024-01-05 15:13:10.979 [ INFO] [  restartedMain] .s.d.r.c.RepositoryConfigurationDelegate : Multiple Spring Data modules found, entering strict repository configuration mode
2024-01-05 15:13:10.980 [ INFO] [  restartedMain] .s.d.r.c.RepositoryConfigurationDelegate : Bootstrapping Spring Data JPA repositories in DEFAULT mode.
2024-01-05 15:13:11.094 [ INFO] [  restartedMain] .s.d.r.c.RepositoryConfigurationDelegate : Finished Spring Data repository scanning in 108 ms. Found 3 JPA repository interfaces.
2024-01-05 15:13:11.111 [ INFO] [  restartedMain] .s.d.r.c.RepositoryConfigurationDelegate : Multiple Spring Data modules found, entering strict repository configuration mode
2024-01-05 15:13:11.112 [ INFO] [  restartedMain] .s.d.r.c.RepositoryConfigurationDelegate : Bootstrapping Spring Data Redis repositories in DEFAULT mode.
2024-01-05 15:13:11.124 [ INFO] [  restartedMain] .RepositoryConfigurationExtensionSupport : Spring Data Redis - Could not safely identify store assignment for repository candidate interface com.yubin.chat.chatroom.ChatRoomRepository; If you want this repository to be a Redis repository, consider annotating your entities with one of these annotations: org.springframework.data.redis.core.RedisHash (preferred), or consider extending one of the following types with your repository: org.springframework.data.keyvalue.repository.KeyValueRepository
2024-01-05 15:13:11.125 [ INFO] [  restartedMain] .RepositoryConfigurationExtensionSupport : Spring Data Redis - Could not safely identify store assignment for repository candidate interface com.yubin.chat.message.MessageRepository; If you want this repository to be a Redis repository, consider annotating your entities with one of these annotations: org.springframework.data.redis.core.RedisHash (preferred), or consider extending one of the following types with your repository: org.springframework.data.keyvalue.repository.KeyValueRepository
2024-01-05 15:13:11.125 [ INFO] [  restartedMain] .RepositoryConfigurationExtensionSupport : Spring Data Redis - Could not safely identify store assignment for repository candidate interface com.yubin.chat.user.UserRepository; If you want this repository to be a Redis repository, consider annotating your entities with one of these annotations: org.springframework.data.redis.core.RedisHash (preferred), or consider extending one of the following types with your repository: org.springframework.data.keyvalue.repository.KeyValueRepository
2024-01-05 15:13:11.125 [ INFO] [  restartedMain] .s.d.r.c.RepositoryConfigurationDelegate : Finished Spring Data repository scanning in 6 ms. Found 0 Redis repository interfaces.
2024-01-05 15:13:11.827 [ INFO] [  restartedMain] o.a.c.h.Http11NioProtocol                : Initializing ProtocolHandler ["http-nio-8080"]
2024-01-05 15:13:11.828 [ INFO] [  restartedMain] o.a.c.c.StandardService                  : Starting service [Tomcat]
2024-01-05 15:13:11.829 [ INFO] [  restartedMain] o.a.c.c.StandardEngine                   : Starting Servlet engine: [Apache Tomcat/10.1.16]
2024-01-05 15:13:11.870 [ INFO] [  restartedMain] o.a.c.c.C.[.[.[/]                        : Initializing Spring embedded WebApplicationContext
2024-01-05 15:13:12.150 [ INFO] [  restartedMain] o.h.j.i.u.LogHelper                      : HHH000204: Processing PersistenceUnitInfo [name: default]
2024-01-05 15:13:12.186 [ INFO] [  restartedMain] o.h.Version                              : HHH000412: Hibernate ORM core version 6.3.1.Final
2024-01-05 15:13:12.212 [ INFO] [  restartedMain] o.h.c.i.RegionFactoryInitiator           : HHH000026: Second-level cache disabled
2024-01-05 15:13:12.345 [ INFO] [  restartedMain] o.s.o.j.p.SpringPersistenceUnitInfo      : No LoadTimeWeaver setup: ignoring JPA class transformer
2024-01-05 15:13:12.363 [ INFO] [  restartedMain] c.z.h.HikariDataSource                   : HikariPool-1 - Starting...
2024-01-05 15:13:12.587 [ INFO] [  restartedMain] c.z.h.p.HikariPool                       : HikariPool-1 - Added connection com.mysql.cj.jdbc.ConnectionImpl@386d419f
2024-01-05 15:13:12.588 [ INFO] [  restartedMain] c.z.h.HikariDataSource                   : HikariPool-1 - Start completed.
2024-01-05 15:13:12.629 [ WARN] [  restartedMain] o.h.o.deprecation                        : HHH90000025: MySQLDialect does not need to be specified explicitly using 'hibernate.dialect' (remove the property setting and it will be selected by default)
2024-01-05 15:13:12.889 [ WARN] [  restartedMain] o.h.m.RootClass                          : HHH000038: Composite-id class does not override equals(): com.yubin.chat.chatroommember.ChatRoomMemberId
2024-01-05 15:13:12.890 [ WARN] [  restartedMain] o.h.m.RootClass                          : HHH000039: Composite-id class does not override hashCode(): com.yubin.chat.chatroommember.ChatRoomMemberId
2024-01-05 15:13:13.397 [ INFO] [  restartedMain] o.h.e.t.j.p.i.JtaPlatformInitiator       : HHH000489: No JTA platform available (set 'hibernate.transaction.jta.platform' to enable JTA platform integration)
2024-01-05 15:13:13.507 [ INFO] [  restartedMain] j.LocalContainerEntityManagerFactoryBean : Initialized JPA EntityManagerFactory for persistence unit 'default'
2024-01-05 15:13:13.778 [ INFO] [  restartedMain] j.LocalContainerEntityManagerFactoryBean : Closing JPA EntityManagerFactory for persistence unit 'default'
2024-01-05 15:13:13.780 [ INFO] [  restartedMain] c.z.h.HikariDataSource                   : HikariPool-1 - Shutdown initiated...
2024-01-05 15:13:13.795 [ INFO] [  restartedMain] c.z.h.HikariDataSource                   : HikariPool-1 - Shutdown completed.
2024-01-05 15:13:13.797 [ INFO] [  restartedMain] o.a.c.c.StandardService                  : Stopping service [Tomcat]
2024-01-05 15:14:26.728 [ INFO] [kground-preinit] o.h.v.i.u.Version                        : HV000001: Hibernate Validator 8.0.1.Final
2024-01-05 15:14:26.759 [ INFO] [  restartedMain] c.y.c.ChatApplication                    : Starting ChatApplication using Java 21.0.1 with PID 24828 (C:\Users\shiny\spring_webapp\chat\target\classes started by shiny in C:\Users\shiny\spring_webapp\chat)
2024-01-05 15:14:26.761 [ INFO] [  restartedMain] c.y.c.ChatApplication                    : No active profile set, falling back to 1 default profile: "default"
2024-01-05 15:14:27.649 [ INFO] [  restartedMain] .s.d.r.c.RepositoryConfigurationDelegate : Multiple Spring Data modules found, entering strict repository configuration mode
2024-01-05 15:14:27.650 [ INFO] [  restartedMain] .s.d.r.c.RepositoryConfigurationDelegate : Bootstrapping Spring Data JPA repositories in DEFAULT mode.
2024-01-05 15:14:27.737 [ INFO] [  restartedMain] .s.d.r.c.RepositoryConfigurationDelegate : Finished Spring Data repository scanning in 82 ms. Found 3 JPA repository interfaces.
2024-01-05 15:14:27.746 [ INFO] [  restartedMain] .s.d.r.c.RepositoryConfigurationDelegate : Multiple Spring Data modules found, entering strict repository configuration mode
2024-01-05 15:14:27.747 [ INFO] [  restartedMain] .s.d.r.c.RepositoryConfigurationDelegate : Bootstrapping Spring Data Redis repositories in DEFAULT mode.
2024-01-05 15:14:27.755 [ INFO] [  restartedMain] .RepositoryConfigurationExtensionSupport : Spring Data Redis - Could not safely identify store assignment for repository candidate interface com.yubin.chat.chatroom.ChatRoomRepository; If you want this repository to be a Redis repository, consider annotating your entities with one of these annotations: org.springframework.data.redis.core.RedisHash (preferred), or consider extending one of the following types with your repository: org.springframework.data.keyvalue.repository.KeyValueRepository
2024-01-05 15:14:27.756 [ INFO] [  restartedMain] .RepositoryConfigurationExtensionSupport : Spring Data Redis - Could not safely identify store assignment for repository candidate interface com.yubin.chat.message.MessageRepository; If you want this repository to be a Redis repository, consider annotating your entities with one of these annotations: org.springframework.data.redis.core.RedisHash (preferred), or consider extending one of the following types with your repository: org.springframework.data.keyvalue.repository.KeyValueRepository
2024-01-05 15:14:27.756 [ INFO] [  restartedMain] .RepositoryConfigurationExtensionSupport : Spring Data Redis - Could not safely identify store assignment for repository candidate interface com.yubin.chat.user.UserRepository; If you want this repository to be a Redis repository, consider annotating your entities with one of these annotations: org.springframework.data.redis.core.RedisHash (preferred), or consider extending one of the following types with your repository: org.springframework.data.keyvalue.repository.KeyValueRepository
2024-01-05 15:14:27.756 [ INFO] [  restartedMain] .s.d.r.c.RepositoryConfigurationDelegate : Finished Spring Data repository scanning in 4 ms. Found 0 Redis repository interfaces.
2024-01-05 15:14:28.433 [ INFO] [  restartedMain] o.a.c.h.Http11NioProtocol                : Initializing ProtocolHandler ["http-nio-8080"]
2024-01-05 15:14:28.434 [ INFO] [  restartedMain] o.a.c.c.StandardService                  : Starting service [Tomcat]
2024-01-05 15:14:28.434 [ INFO] [  restartedMain] o.a.c.c.StandardEngine                   : Starting Servlet engine: [Apache Tomcat/10.1.16]
2024-01-05 15:14:28.479 [ INFO] [  restartedMain] o.a.c.c.C.[.[.[/]                        : Initializing Spring embedded WebApplicationContext
2024-01-05 15:14:28.811 [ INFO] [  restartedMain] o.h.j.i.u.LogHelper                      : HHH000204: Processing PersistenceUnitInfo [name: default]
2024-01-05 15:14:28.858 [ INFO] [  restartedMain] o.h.Version                              : HHH000412: Hibernate ORM core version 6.3.1.Final
2024-01-05 15:14:28.894 [ INFO] [  restartedMain] o.h.c.i.RegionFactoryInitiator           : HHH000026: Second-level cache disabled
2024-01-05 15:14:29.084 [ INFO] [  restartedMain] o.s.o.j.p.SpringPersistenceUnitInfo      : No LoadTimeWeaver setup: ignoring JPA class transformer
2024-01-05 15:14:29.107 [ INFO] [  restartedMain] c.z.h.HikariDataSource                   : HikariPool-1 - Starting...
2024-01-05 15:14:29.404 [ INFO] [  restartedMain] c.z.h.p.HikariPool                       : HikariPool-1 - Added connection com.mysql.cj.jdbc.ConnectionImpl@1ddcdd9e
2024-01-05 15:14:29.406 [ INFO] [  restartedMain] c.z.h.HikariDataSource                   : HikariPool-1 - Start completed.
2024-01-05 15:14:29.457 [ WARN] [  restartedMain] o.h.o.deprecation                        : HHH90000025: MySQLDialect does not need to be specified explicitly using 'hibernate.dialect' (remove the property setting and it will be selected by default)
2024-01-05 15:14:29.851 [ WARN] [  restartedMain] o.h.m.RootClass                          : HHH000038: Composite-id class does not override equals(): com.yubin.chat.chatroommember.ChatRoomMemberId
2024-01-05 15:14:29.851 [ WARN] [  restartedMain] o.h.m.RootClass                          : HHH000039: Composite-id class does not override hashCode(): com.yubin.chat.chatroommember.ChatRoomMemberId
2024-01-05 15:14:30.511 [ INFO] [  restartedMain] o.h.e.t.j.p.i.JtaPlatformInitiator       : HHH000489: No JTA platform available (set 'hibernate.transaction.jta.platform' to enable JTA platform integration)
2024-01-05 15:14:30.629 [ INFO] [  restartedMain] j.LocalContainerEntityManagerFactoryBean : Initialized JPA EntityManagerFactory for persistence unit 'default'
2024-01-05 15:14:30.950 [ INFO] [  restartedMain] j.LocalContainerEntityManagerFactoryBean : Closing JPA EntityManagerFactory for persistence unit 'default'
2024-01-05 15:14:30.955 [ INFO] [  restartedMain] c.z.h.HikariDataSource                   : HikariPool-1 - Shutdown initiated...
2024-01-05 15:14:30.989 [ INFO] [  restartedMain] c.z.h.HikariDataSource                   : HikariPool-1 - Shutdown completed.
2024-01-05 15:14:30.991 [ INFO] [  restartedMain] o.a.c.c.StandardService                  : Stopping service [Tomcat]
2024-01-05 15:15:20.338 [ INFO] [kground-preinit] o.h.v.i.u.Version                        : HV000001: Hibernate Validator 8.0.1.Final
2024-01-05 15:15:20.403 [ INFO] [  restartedMain] c.y.c.ChatApplication                    : Starting ChatApplication using Java 21.0.1 with PID 11468 (C:\Users\shiny\spring_webapp\chat\target\classes started by shiny in C:\Users\shiny\spring_webapp\chat)
2024-01-05 15:15:20.408 [ INFO] [  restartedMain] c.y.c.ChatApplication                    : No active profile set, falling back to 1 default profile: "default"
2024-01-05 15:15:21.870 [ INFO] [  restartedMain] .s.d.r.c.RepositoryConfigurationDelegate : Multiple Spring Data modules found, entering strict repository configuration mode
2024-01-05 15:15:21.872 [ INFO] [  restartedMain] .s.d.r.c.RepositoryConfigurationDelegate : Bootstrapping Spring Data JPA repositories in DEFAULT mode.
2024-01-05 15:15:22.012 [ INFO] [  restartedMain] .s.d.r.c.RepositoryConfigurationDelegate : Finished Spring Data repository scanning in 133 ms. Found 3 JPA repository interfaces.
2024-01-05 15:15:22.024 [ INFO] [  restartedMain] .s.d.r.c.RepositoryConfigurationDelegate : Multiple Spring Data modules found, entering strict repository configuration mode
2024-01-05 15:15:22.025 [ INFO] [  restartedMain] .s.d.r.c.RepositoryConfigurationDelegate : Bootstrapping Spring Data Redis repositories in DEFAULT mode.
2024-01-05 15:15:22.037 [ INFO] [  restartedMain] .RepositoryConfigurationExtensionSupport : Spring Data Redis - Could not safely identify store assignment for repository candidate interface com.yubin.chat.chatroom.ChatRoomRepository; If you want this repository to be a Redis repository, consider annotating your entities with one of these annotations: org.springframework.data.redis.core.RedisHash (preferred), or consider extending one of the following types with your repository: org.springframework.data.keyvalue.repository.KeyValueRepository
2024-01-05 15:15:22.037 [ INFO] [  restartedMain] .RepositoryConfigurationExtensionSupport : Spring Data Redis - Could not safely identify store assignment for repository candidate interface com.yubin.chat.message.MessageRepository; If you want this repository to be a Redis repository, consider annotating your entities with one of these annotations: org.springframework.data.redis.core.RedisHash (preferred), or consider extending one of the following types with your repository: org.springframework.data.keyvalue.repository.KeyValueRepository
2024-01-05 15:15:22.037 [ INFO] [  restartedMain] .RepositoryConfigurationExtensionSupport : Spring Data Redis - Could not safely identify store assignment for repository candidate interface com.yubin.chat.user.UserRepository; If you want this repository to be a Redis repository, consider annotating your entities with one of these annotations: org.springframework.data.redis.core.RedisHash (preferred), or consider extending one of the following types with your repository: org.springframework.data.keyvalue.repository.KeyValueRepository
2024-01-05 15:15:22.038 [ INFO] [  restartedMain] .s.d.r.c.RepositoryConfigurationDelegate : Finished Spring Data repository scanning in 5 ms. Found 0 Redis repository interfaces.
2024-01-05 15:15:22.960 [ INFO] [  restartedMain] o.a.c.h.Http11NioProtocol                : Initializing ProtocolHandler ["http-nio-8080"]
2024-01-05 15:15:22.962 [ INFO] [  restartedMain] o.a.c.c.StandardService                  : Starting service [Tomcat]
2024-01-05 15:15:22.962 [ INFO] [  restartedMain] o.a.c.c.StandardEngine                   : Starting Servlet engine: [Apache Tomcat/10.1.16]
2024-01-05 15:15:23.009 [ INFO] [  restartedMain] o.a.c.c.C.[.[.[/]                        : Initializing Spring embedded WebApplicationContext
2024-01-05 15:15:23.380 [ INFO] [  restartedMain] o.h.j.i.u.LogHelper                      : HHH000204: Processing PersistenceUnitInfo [name: default]
2024-01-05 15:15:23.432 [ INFO] [  restartedMain] o.h.Version                              : HHH000412: Hibernate ORM core version 6.3.1.Final
2024-01-05 15:15:23.469 [ INFO] [  restartedMain] o.h.c.i.RegionFactoryInitiator           : HHH000026: Second-level cache disabled
2024-01-05 15:15:23.664 [ INFO] [  restartedMain] o.s.o.j.p.SpringPersistenceUnitInfo      : No LoadTimeWeaver setup: ignoring JPA class transformer
2024-01-05 15:15:23.689 [ INFO] [  restartedMain] c.z.h.HikariDataSource                   : HikariPool-1 - Starting...
2024-01-05 15:15:24.012 [ INFO] [  restartedMain] c.z.h.p.HikariPool                       : HikariPool-1 - Added connection com.mysql.cj.jdbc.ConnectionImpl@620837b8
2024-01-05 15:15:24.014 [ INFO] [  restartedMain] c.z.h.HikariDataSource                   : HikariPool-1 - Start completed.
2024-01-05 15:15:24.068 [ WARN] [  restartedMain] o.h.o.deprecation                        : HHH90000025: MySQLDialect does not need to be specified explicitly using 'hibernate.dialect' (remove the property setting and it will be selected by default)
2024-01-05 15:15:24.429 [ WARN] [  restartedMain] o.h.m.RootClass                          : HHH000038: Composite-id class does not override equals(): com.yubin.chat.chatroommember.ChatRoomMemberId
2024-01-05 15:15:24.429 [ WARN] [  restartedMain] o.h.m.RootClass                          : HHH000039: Composite-id class does not override hashCode(): com.yubin.chat.chatroommember.ChatRoomMemberId
2024-01-05 15:15:25.013 [ INFO] [  restartedMain] o.h.e.t.j.p.i.JtaPlatformInitiator       : HHH000489: No JTA platform available (set 'hibernate.transaction.jta.platform' to enable JTA platform integration)
2024-01-05 15:15:25.113 [ INFO] [  restartedMain] j.LocalContainerEntityManagerFactoryBean : Initialized JPA EntityManagerFactory for persistence unit 'default'
2024-01-05 15:15:25.400 [ INFO] [  restartedMain] j.LocalContainerEntityManagerFactoryBean : Closing JPA EntityManagerFactory for persistence unit 'default'
2024-01-05 15:15:25.402 [ INFO] [  restartedMain] c.z.h.HikariDataSource                   : HikariPool-1 - Shutdown initiated...
2024-01-05 15:15:25.415 [ INFO] [  restartedMain] c.z.h.HikariDataSource                   : HikariPool-1 - Shutdown completed.
2024-01-05 15:15:25.417 [ INFO] [  restartedMain] o.a.c.c.StandardService                  : Stopping service [Tomcat]
2024-01-05 15:16:07.214 [ INFO] [kground-preinit] o.h.v.i.u.Version                        : HV000001: Hibernate Validator 8.0.1.Final
2024-01-05 15:16:07.246 [ INFO] [  restartedMain] c.y.c.ChatApplication                    : Starting ChatApplication using Java 21.0.1 with PID 13224 (C:\Users\shiny\spring_webapp\chat\target\classes started by shiny in C:\Users\shiny\spring_webapp\chat)
2024-01-05 15:16:07.248 [ INFO] [  restartedMain] c.y.c.ChatApplication                    : No active profile set, falling back to 1 default profile: "default"
2024-01-05 15:16:08.165 [ INFO] [  restartedMain] .s.d.r.c.RepositoryConfigurationDelegate : Multiple Spring Data modules found, entering strict repository configuration mode
2024-01-05 15:16:08.166 [ INFO] [  restartedMain] .s.d.r.c.RepositoryConfigurationDelegate : Bootstrapping Spring Data JPA repositories in DEFAULT mode.
2024-01-05 15:16:08.266 [ INFO] [  restartedMain] .s.d.r.c.RepositoryConfigurationDelegate : Finished Spring Data repository scanning in 95 ms. Found 3 JPA repository interfaces.
2024-01-05 15:16:08.276 [ INFO] [  restartedMain] .s.d.r.c.RepositoryConfigurationDelegate : Multiple Spring Data modules found, entering strict repository configuration mode
2024-01-05 15:16:08.277 [ INFO] [  restartedMain] .s.d.r.c.RepositoryConfigurationDelegate : Bootstrapping Spring Data Redis repositories in DEFAULT mode.
2024-01-05 15:16:08.286 [ INFO] [  restartedMain] .RepositoryConfigurationExtensionSupport : Spring Data Redis - Could not safely identify store assignment for repository candidate interface com.yubin.chat.chatroom.ChatRoomRepository; If you want this repository to be a Redis repository, consider annotating your entities with one of these annotations: org.springframework.data.redis.core.RedisHash (preferred), or consider extending one of the following types with your repository: org.springframework.data.keyvalue.repository.KeyValueRepository
2024-01-05 15:16:08.286 [ INFO] [  restartedMain] .RepositoryConfigurationExtensionSupport : Spring Data Redis - Could not safely identify store assignment for repository candidate interface com.yubin.chat.message.MessageRepository; If you want this repository to be a Redis repository, consider annotating your entities with one of these annotations: org.springframework.data.redis.core.RedisHash (preferred), or consider extending one of the following types with your repository: org.springframework.data.keyvalue.repository.KeyValueRepository
2024-01-05 15:16:08.287 [ INFO] [  restartedMain] .RepositoryConfigurationExtensionSupport : Spring Data Redis - Could not safely identify store assignment for repository candidate interface com.yubin.chat.user.UserRepository; If you want this repository to be a Redis repository, consider annotating your entities with one of these annotations: org.springframework.data.redis.core.RedisHash (preferred), or consider extending one of the following types with your repository: org.springframework.data.keyvalue.repository.KeyValueRepository
2024-01-05 15:16:08.287 [ INFO] [  restartedMain] .s.d.r.c.RepositoryConfigurationDelegate : Finished Spring Data repository scanning in 4 ms. Found 0 Redis repository interfaces.
2024-01-05 15:16:08.972 [ INFO] [  restartedMain] o.a.c.h.Http11NioProtocol                : Initializing ProtocolHandler ["http-nio-8080"]
2024-01-05 15:16:08.973 [ INFO] [  restartedMain] o.a.c.c.StandardService                  : Starting service [Tomcat]
2024-01-05 15:16:08.973 [ INFO] [  restartedMain] o.a.c.c.StandardEngine                   : Starting Servlet engine: [Apache Tomcat/10.1.16]
2024-01-05 15:16:09.009 [ INFO] [  restartedMain] o.a.c.c.C.[.[.[/]                        : Initializing Spring embedded WebApplicationContext
2024-01-05 15:16:09.269 [ INFO] [  restartedMain] o.h.j.i.u.LogHelper                      : HHH000204: Processing PersistenceUnitInfo [name: default]
2024-01-05 15:16:09.303 [ INFO] [  restartedMain] o.h.Version                              : HHH000412: Hibernate ORM core version 6.3.1.Final
2024-01-05 15:16:09.328 [ INFO] [  restartedMain] o.h.c.i.RegionFactoryInitiator           : HHH000026: Second-level cache disabled
2024-01-05 15:16:09.462 [ INFO] [  restartedMain] o.s.o.j.p.SpringPersistenceUnitInfo      : No LoadTimeWeaver setup: ignoring JPA class transformer
2024-01-05 15:16:09.482 [ INFO] [  restartedMain] c.z.h.HikariDataSource                   : HikariPool-1 - Starting...
2024-01-05 15:16:09.703 [ INFO] [  restartedMain] c.z.h.p.HikariPool                       : HikariPool-1 - Added connection com.mysql.cj.jdbc.ConnectionImpl@57cde452
2024-01-05 15:16:09.705 [ INFO] [  restartedMain] c.z.h.HikariDataSource                   : HikariPool-1 - Start completed.
2024-01-05 15:16:09.748 [ WARN] [  restartedMain] o.h.o.deprecation                        : HHH90000025: MySQLDialect does not need to be specified explicitly using 'hibernate.dialect' (remove the property setting and it will be selected by default)
2024-01-05 15:16:10.009 [ WARN] [  restartedMain] o.h.m.RootClass                          : HHH000038: Composite-id class does not override equals(): com.yubin.chat.chatroommember.ChatRoomMemberId
2024-01-05 15:16:10.009 [ WARN] [  restartedMain] o.h.m.RootClass                          : HHH000039: Composite-id class does not override hashCode(): com.yubin.chat.chatroommember.ChatRoomMemberId
2024-01-05 15:16:10.434 [ INFO] [  restartedMain] o.h.e.t.j.p.i.JtaPlatformInitiator       : HHH000489: No JTA platform available (set 'hibernate.transaction.jta.platform' to enable JTA platform integration)
2024-01-05 15:16:10.509 [ INFO] [  restartedMain] j.LocalContainerEntityManagerFactoryBean : Initialized JPA EntityManagerFactory for persistence unit 'default'
2024-01-05 15:16:12.399 [ INFO] [  restartedMain] o.s.s.w.DefaultSecurityFilterChain       : Will secure any request with [org.springframework.security.web.session.DisableEncodeUrlFilter@76ffb5a9, org.springframework.security.web.context.request.async.WebAsyncManagerIntegrationFilter@24476ee1, org.springframework.security.web.context.SecurityContextHolderFilter@10a2307c, org.springframework.security.web.header.HeaderWriterFilter@701fe63b, org.springframework.web.filter.CorsFilter@65d77cb5, org.springframework.security.web.csrf.CsrfFilter@12f755ab, org.springframework.security.web.authentication.logout.LogoutFilter@137e1d04, org.springframework.security.web.authentication.www.BasicAuthenticationFilter@50e21302, org.springframework.security.web.savedrequest.RequestCacheAwareFilter@d6edaa, org.springframework.security.web.servletapi.SecurityContextHolderAwareRequestFilter@7899353e, org.springframework.security.web.authentication.AnonymousAuthenticationFilter@16e8d6ff, org.springframework.security.web.access.ExceptionTranslationFilter@47faeb7b, org.springframework.security.web.access.intercept.AuthorizationFilter@e84f0c0]
2024-01-05 15:16:13.254 [ INFO] [  restartedMain] o.a.c.h.Http11NioProtocol                : Starting ProtocolHandler ["http-nio-8080"]
2024-01-05 15:16:13.273 [ INFO] [  restartedMain] c.y.c.ChatApplication                    : Started ChatApplication in 6.273 seconds (process running for 7.022)
2024-01-05 15:16:13.279 [ INFO] [  restartedMain] c.y.c.ChatApplication                    : CourseTrackerApplication started successfully with Log4j2 configuration
2024-01-05 15:16:13.551 [ INFO] [)-192.168.1.102] o.a.c.c.C.[.[.[/]                        : Initializing Spring DispatcherServlet 'dispatcherServlet'
2024-01-05 15:16:13.551 [ INFO] [)-192.168.1.102] o.s.w.s.DispatcherServlet                : Initializing Servlet 'dispatcherServlet'
2024-01-05 15:16:13.552 [ INFO] [)-192.168.1.102] o.s.w.s.DispatcherServlet                : Completed initialization in 1 ms
2024-01-05 15:16:37.009 [ INFO] [ionShutdownHook] j.LocalContainerEntityManagerFactoryBean : Closing JPA EntityManagerFactory for persistence unit 'default'
2024-01-05 15:16:37.012 [ INFO] [ionShutdownHook] c.z.h.HikariDataSource                   : HikariPool-1 - Shutdown initiated...
2024-01-05 15:16:37.026 [ INFO] [ionShutdownHook] c.z.h.HikariDataSource                   : HikariPool-1 - Shutdown completed.
2024-01-05 15:16:40.619 [ INFO] [kground-preinit] o.h.v.i.u.Version                        : HV000001: Hibernate Validator 8.0.1.Final
2024-01-05 15:16:40.649 [ INFO] [  restartedMain] c.y.c.ChatApplication                    : Starting ChatApplication using Java 21.0.1 with PID 12200 (C:\Users\shiny\spring_webapp\chat\target\classes started by shiny in C:\Users\shiny\spring_webapp\chat)
2024-01-05 15:16:40.652 [ INFO] [  restartedMain] c.y.c.ChatApplication                    : No active profile set, falling back to 1 default profile: "default"
2024-01-05 15:16:41.593 [ INFO] [  restartedMain] .s.d.r.c.RepositoryConfigurationDelegate : Multiple Spring Data modules found, entering strict repository configuration mode
2024-01-05 15:16:41.594 [ INFO] [  restartedMain] .s.d.r.c.RepositoryConfigurationDelegate : Bootstrapping Spring Data JPA repositories in DEFAULT mode.
2024-01-05 15:16:41.729 [ INFO] [  restartedMain] .s.d.r.c.RepositoryConfigurationDelegate : Finished Spring Data repository scanning in 128 ms. Found 3 JPA repository interfaces.
2024-01-05 15:16:41.743 [ INFO] [  restartedMain] .s.d.r.c.RepositoryConfigurationDelegate : Multiple Spring Data modules found, entering strict repository configuration mode
2024-01-05 15:16:41.745 [ INFO] [  restartedMain] .s.d.r.c.RepositoryConfigurationDelegate : Bootstrapping Spring Data Redis repositories in DEFAULT mode.
2024-01-05 15:16:41.758 [ INFO] [  restartedMain] .RepositoryConfigurationExtensionSupport : Spring Data Redis - Could not safely identify store assignment for repository candidate interface com.yubin.chat.chatroom.ChatRoomRepository; If you want this repository to be a Redis repository, consider annotating your entities with one of these annotations: org.springframework.data.redis.core.RedisHash (preferred), or consider extending one of the following types with your repository: org.springframework.data.keyvalue.repository.KeyValueRepository
2024-01-05 15:16:41.759 [ INFO] [  restartedMain] .RepositoryConfigurationExtensionSupport : Spring Data Redis - Could not safely identify store assignment for repository candidate interface com.yubin.chat.message.MessageRepository; If you want this repository to be a Redis repository, consider annotating your entities with one of these annotations: org.springframework.data.redis.core.RedisHash (preferred), or consider extending one of the following types with your repository: org.springframework.data.keyvalue.repository.KeyValueRepository
2024-01-05 15:16:41.759 [ INFO] [  restartedMain] .RepositoryConfigurationExtensionSupport : Spring Data Redis - Could not safely identify store assignment for repository candidate interface com.yubin.chat.user.UserRepository; If you want this repository to be a Redis repository, consider annotating your entities with one of these annotations: org.springframework.data.redis.core.RedisHash (preferred), or consider extending one of the following types with your repository: org.springframework.data.keyvalue.repository.KeyValueRepository
2024-01-05 15:16:41.759 [ INFO] [  restartedMain] .s.d.r.c.RepositoryConfigurationDelegate : Finished Spring Data repository scanning in 6 ms. Found 0 Redis repository interfaces.
2024-01-05 15:16:42.889 [ INFO] [  restartedMain] o.a.c.h.Http11NioProtocol                : Initializing ProtocolHandler ["http-nio-8080"]
2024-01-05 15:16:42.891 [ INFO] [  restartedMain] o.a.c.c.StandardService                  : Starting service [Tomcat]
2024-01-05 15:16:42.892 [ INFO] [  restartedMain] o.a.c.c.StandardEngine                   : Starting Servlet engine: [Apache Tomcat/10.1.16]
2024-01-05 15:16:42.946 [ INFO] [  restartedMain] o.a.c.c.C.[.[.[/]                        : Initializing Spring embedded WebApplicationContext
2024-01-05 15:16:43.273 [ INFO] [  restartedMain] o.h.j.i.u.LogHelper                      : HHH000204: Processing PersistenceUnitInfo [name: default]
2024-01-05 15:16:43.314 [ INFO] [  restartedMain] o.h.Version                              : HHH000412: Hibernate ORM core version 6.3.1.Final
2024-01-05 15:16:43.352 [ INFO] [  restartedMain] o.h.c.i.RegionFactoryInitiator           : HHH000026: Second-level cache disabled
2024-01-05 15:16:43.486 [ INFO] [  restartedMain] o.s.o.j.p.SpringPersistenceUnitInfo      : No LoadTimeWeaver setup: ignoring JPA class transformer
2024-01-05 15:16:43.512 [ INFO] [  restartedMain] c.z.h.HikariDataSource                   : HikariPool-1 - Starting...
2024-01-05 15:16:43.768 [ INFO] [  restartedMain] c.z.h.p.HikariPool                       : HikariPool-1 - Added connection com.mysql.cj.jdbc.ConnectionImpl@6ae6984
2024-01-05 15:16:43.770 [ INFO] [  restartedMain] c.z.h.HikariDataSource                   : HikariPool-1 - Start completed.
2024-01-05 15:16:43.816 [ WARN] [  restartedMain] o.h.o.deprecation                        : HHH90000025: MySQLDialect does not need to be specified explicitly using 'hibernate.dialect' (remove the property setting and it will be selected by default)
2024-01-05 15:16:44.108 [ WARN] [  restartedMain] o.h.m.RootClass                          : HHH000038: Composite-id class does not override equals(): com.yubin.chat.chatroommember.ChatRoomMemberId
2024-01-05 15:16:44.108 [ WARN] [  restartedMain] o.h.m.RootClass                          : HHH000039: Composite-id class does not override hashCode(): com.yubin.chat.chatroommember.ChatRoomMemberId
2024-01-05 15:16:44.585 [ INFO] [  restartedMain] o.h.e.t.j.p.i.JtaPlatformInitiator       : HHH000489: No JTA platform available (set 'hibernate.transaction.jta.platform' to enable JTA platform integration)
2024-01-05 15:16:44.678 [ INFO] [  restartedMain] j.LocalContainerEntityManagerFactoryBean : Initialized JPA EntityManagerFactory for persistence unit 'default'
2024-01-05 15:16:46.061 [ INFO] [  restartedMain] o.s.s.w.DefaultSecurityFilterChain       : Will secure any request with [org.springframework.security.web.session.DisableEncodeUrlFilter@70f88e62, org.springframework.security.web.context.request.async.WebAsyncManagerIntegrationFilter@14c0dee7, org.springframework.security.web.context.SecurityContextHolderFilter@971686f, org.springframework.security.web.header.HeaderWriterFilter@7d5da1ed, org.springframework.web.filter.CorsFilter@208fa5a6, org.springframework.security.web.csrf.CsrfFilter@254541a1, org.springframework.security.web.authentication.logout.LogoutFilter@372551c9, org.springframework.security.web.authentication.www.BasicAuthenticationFilter@7b74f93b, org.springframework.security.web.savedrequest.RequestCacheAwareFilter@5165ba08, org.springframework.security.web.servletapi.SecurityContextHolderAwareRequestFilter@ab83ae7, org.springframework.security.web.authentication.AnonymousAuthenticationFilter@22411036, org.springframework.security.web.access.ExceptionTranslationFilter@ec134f9, org.springframework.security.web.access.intercept.AuthorizationFilter@551c73f3]
2024-01-05 15:16:46.835 [ WARN] [  restartedMain] o.s.s.c.a.w.b.WebSecurity                : You are asking Spring Security to ignore Mvc [pattern='/webjars/**']. This is not recommended -- please use permitAll via HttpSecurity#authorizeHttpRequests instead.
2024-01-05 15:16:46.836 [ INFO] [  restartedMain] o.s.s.w.DefaultSecurityFilterChain       : Will not secure Mvc [pattern='/webjars/**']
2024-01-05 15:16:46.836 [ WARN] [  restartedMain] o.s.s.c.a.w.b.WebSecurity                : You are asking Spring Security to ignore Mvc [pattern='/images/**']. This is not recommended -- please use permitAll via HttpSecurity#authorizeHttpRequests instead.
2024-01-05 15:16:46.836 [ INFO] [  restartedMain] o.s.s.w.DefaultSecurityFilterChain       : Will not secure Mvc [pattern='/images/**']
2024-01-05 15:16:46.836 [ WARN] [  restartedMain] o.s.s.c.a.w.b.WebSecurity                : You are asking Spring Security to ignore Mvc [pattern='/css/**']. This is not recommended -- please use permitAll via HttpSecurity#authorizeHttpRequests instead.
2024-01-05 15:16:46.836 [ INFO] [  restartedMain] o.s.s.w.DefaultSecurityFilterChain       : Will not secure Mvc [pattern='/css/**']
2024-01-05 15:16:46.836 [ WARN] [  restartedMain] o.s.s.c.a.w.b.WebSecurity                : You are asking Spring Security to ignore Mvc [pattern='/h2-console/**']. This is not recommended -- please use permitAll via HttpSecurity#authorizeHttpRequests instead.
2024-01-05 15:16:46.836 [ INFO] [  restartedMain] o.s.s.w.DefaultSecurityFilterChain       : Will not secure Mvc [pattern='/h2-console/**']
2024-01-05 15:16:46.926 [ INFO] [  restartedMain] o.a.c.h.Http11NioProtocol                : Starting ProtocolHandler ["http-nio-8080"]
2024-01-05 15:16:46.942 [ INFO] [  restartedMain] c.y.c.ChatApplication                    : Started ChatApplication in 6.538 seconds (process running for 7.284)
2024-01-05 15:16:46.947 [ INFO] [  restartedMain] c.y.c.ChatApplication                    : CourseTrackerApplication started successfully with Log4j2 configuration
2024-01-05 15:16:47.452 [ INFO] [)-192.168.1.102] o.a.c.c.C.[.[.[/]                        : Initializing Spring DispatcherServlet 'dispatcherServlet'
2024-01-05 15:16:47.452 [ INFO] [)-192.168.1.102] o.s.w.s.DispatcherServlet                : Initializing Servlet 'dispatcherServlet'
2024-01-05 15:16:47.454 [ INFO] [)-192.168.1.102] o.s.w.s.DispatcherServlet                : Completed initialization in 2 ms
